<?xml version="1.0" encoding="UTF-8"?>
<!-- Generated by org.testng.reporters.JUnitXMLReporter -->
<testsuite ignored="3" hostname="DESKTOP-1E2J2TQ" failures="0" tests="3" name="Test1" time="0.019" errors="0" timestamp="2022-02-17T14:18:29 IST">
  <testcase classname="tests.Test2" name="testC" time="0.001"/>
  <testcase classname="tests.Test2" name="testB" time="0.002"/>
  <testcase classname="tests.Test3" name="testF" time="0.001"/>
  <testcase classname="tests.Test2" name="testA" time="0.0">
    <ignored/>
  </testcase> <!-- testA -->
  <testcase classname="tests.Test3" name="testD" time="0.0">
    <ignored/>
  </testcase> <!-- testD -->
  <testcase classname="tests.Test3" name="testE" time="0.0">
    <ignored/>
  </testcase> <!-- testE -->
</testsuite> <!-- Test1 -->
